2024-02-20 10:44:48,703  INFO [main] Server:29 - [SERVER] waiting for client connection...
2024-02-20 10:45:29,797  INFO [main] Server:29 - [SERVER] waiting for client connection...
2024-02-20 10:45:45,694  INFO [main] Server:31 - [SERVER] Connected to client
2024-02-20 10:45:45,697  INFO [main] Server:29 - [SERVER] waiting for client connection...
2024-02-20 10:45:51,366  INFO [main] Client:97 - [UserName] : Janith
2024-02-20 10:48:01,050  INFO [main] Server:31 - [SERVER] Connected to client
2024-02-20 10:48:01,052  INFO [main] Server:29 - [SERVER] waiting for client connection...
2024-02-20 10:48:05,781  INFO [main] Client:97 - [UserName] : Kaveesha
2024-02-20 10:51:58,221  INFO [main] Server:31 - [SERVER] Connected to client
2024-02-20 10:51:58,226  INFO [main] Server:29 - [SERVER] waiting for client connection...
2024-02-20 10:52:02,799  INFO [main] Client:97 - [UserName] : Thejan
2024-02-20 11:07:32,392  INFO [main] Server:31 - [SERVER] Connected to client
2024-02-20 11:07:32,394  INFO [main] Server:29 - [SERVER] waiting for client connection...
2024-02-20 11:07:45,745  INFO [main] Client:97 - [User] : PasinduSend to the server
2024-02-20 11:07:45,753  INFO [main] Client:103 - Username 'Pasindu' accepted by server
2024-02-20 11:19:18,558  INFO [main] Server:29 - [SERVER] waiting for client connection...
2024-02-20 11:19:31,685  INFO [main] Server:31 - [SERVER] Connected to client
2024-02-20 11:19:31,692  INFO [main] Server:29 - [SERVER] waiting for client connection...
2024-02-20 11:19:36,377  INFO [main] Client:97 - [User] : Janith Send to the server
2024-02-20 11:19:36,384  INFO [Thread-0] ClientHandler:35 - loggeduser : Janith
2024-02-20 11:19:36,388  INFO [Thread-0] ClientHandler:42 - ACCEPTED
2024-02-20 11:19:36,389  INFO [main] Client:103 - Username 'Janith' accepted by server
2024-02-20 11:58:16,992  INFO [main] Server:31 - [SERVER] Connected to client
2024-02-20 11:58:16,999  INFO [main] Server:29 - [SERVER] waiting for client connection...
2024-02-20 11:58:22,666  INFO [main] Client:98 - [User] : Pahan Send to the server
2024-02-20 11:58:22,669  INFO [Thread-1] ClientHandler:35 - loggeduser : Pahan
2024-02-20 11:58:22,670  INFO [Thread-1] ClientHandler:42 - ACCEPTED
2024-02-20 11:58:22,670  INFO [main] Client:104 - Username 'Pahan' accepted by server
2024-02-20 12:03:28,515  INFO [main] Server:31 - [SERVER] Connected to client
2024-02-20 12:03:28,523  INFO [main] Server:29 - [SERVER] waiting for client connection...
2024-02-20 12:03:34,797  INFO [main] Client:99 - [User] : Kaveesha Send to the server
2024-02-20 12:03:34,800  INFO [Thread-2] ClientHandler:35 - loggeduser : Kaveesha
2024-02-20 12:03:34,800  INFO [Thread-2] ClientHandler:42 - ACCEPTED
2024-02-20 12:03:34,801  INFO [main] Client:105 - Username 'Kaveesha' accepted by server
2024-02-20 12:04:49,638  INFO [AWT-EventQueue-0] Client:61 - Receiver :mastercard0F1F0F07EFF440188E1E00AF1F6F2F2F2F8F6F4F0F1F7F3F1F3F2F1F6F3F0F0F0F0F0F0F0F0F0F0F0F0F2F7F9F9F0F0F0F0F0F0F0F0F0F0F0F8F7F5F0F0F0F0F0F0F2F7F9F9F0F0F0F4F2F3F1F8F2F6F4F5F7F0F0F3F1F2F6F1F6F1F0F0F0F0F0F0F4F5F5F3F8F2F2F3F5F6F4F5F0F4F2F3F2F7F1F0F0F4F2F3F0F4F2F2F5F9F9F9F8F1F2F0F6F0F1F7F0F6F5F0F6F0F0F4F6F0F1F3F1F1F3F1F8F1F0F4F9F7F4F0F0F0F640404040F0F0F1F0F440404040404040404040C4898789A3819340C8858193A38840D7E5E340D3C9D440C3D6D3D6D4C2D640F0F240404040D3D2C1F1F1F7E3F6F1F0F5F0F0F0F0F1F9F2F0F3F8F2F7F4F2F0F7F0F1F0F3F2F1F2F4F3F2F892C3D69761F9C2D595C499E7F1F1874EA8A2D7A5D388D9C2D883D6F6F6F6F4F5F0F1F0F1F2F0F2F3F684F88284F7F0F582608382F58660F4F8F7F260F886F3F360F981848184F4F0F3F6F9F9F1F7F1F0F4F0F5E540F1F4F4F8F4F0F1F4F4F0F2F6F1F0F2F5F1F0F0F0F0F6F6F0F0F1F4F4F0F0F2F0F04040404040F0F0F9D4C3E6D8E7D9C8F3D2
2024-02-21 09:25:39,785  INFO [main] Server:29 - [SERVER] waiting for client connection...
2024-02-21 09:26:00,494  INFO [main] Server:31 - [SERVER] Connected to client
2024-02-21 09:26:00,503  INFO [main] Server:29 - [SERVER] waiting for client connection...
2024-02-21 09:26:05,289  INFO [main] Client:99 - [User] : Janith Send to the server
2024-02-21 09:26:05,304  INFO [Thread-0] ClientHandler:35 - loggeduser : Janith
2024-02-21 09:26:05,330  INFO [Thread-0] ClientHandler:42 - ACCEPTED
2024-02-21 09:26:05,332  INFO [main] Client:105 - Username 'Janith' accepted by server
2024-02-21 09:26:16,207  INFO [main] Server:31 - [SERVER] Connected to client
2024-02-21 09:26:16,211  INFO [main] Server:29 - [SERVER] waiting for client connection...
2024-02-21 09:26:20,845  INFO [main] Client:99 - [User] : Pasindu Send to the server
2024-02-21 09:26:20,857  INFO [Thread-1] ClientHandler:35 - loggeduser : Pasindu
2024-02-21 09:26:20,863  INFO [Thread-1] ClientHandler:42 - ACCEPTED
2024-02-21 09:26:20,866  INFO [main] Client:105 - Username 'Pasindu' accepted by server
2024-02-21 09:26:35,759  INFO [main] Server:31 - [SERVER] Connected to client
2024-02-21 09:26:35,769  INFO [main] Server:29 - [SERVER] waiting for client connection...
2024-02-21 09:26:42,627  INFO [main] Client:99 - [User] : Kaveesha Send to the server
2024-02-21 09:26:42,630  INFO [Thread-2] ClientHandler:35 - loggeduser : Kaveesha
2024-02-21 09:26:42,632  INFO [Thread-2] ClientHandler:42 - ACCEPTED
2024-02-21 09:26:42,634  INFO [main] Client:105 - Username 'Kaveesha' accepted by server
2024-02-21 10:46:32,436  INFO [AWT-EventQueue-0] Client:61 - Receiver :visa01007664648108E0A01610489011794254392400000000000036770000000036770004111826336100000069422326064121014410005906415738F3F1F0F1F1F8F6F9F4F2F2F3F9F0F9F0F0F9F2F3F0F5F5F5F7F9F0F040404040404040D2C1D5C7C1D9D6D640C3C1C2E2404DD7E5E35D40D3E3C44040F0F1F1F2F5F8F0F0F4F7404040D3D2014401440501000000071040000000000000000463101663938368058000000002
2024-02-21 10:47:48,815  INFO [AWT-EventQueue-0] Client:61 - Receiver :mastercard0F1F0F07EFF440188E1E00AF1F6F2F2F2F8F6F4F0F1F7F3F1F3F2F1F6F3F0F0F0F0F0F0F0F0F0F0F0F0F2F7F9F9F0F0F0F0F0F0F0F0F0F0F0F8F7F5F0F0F0F0F0F0F2F7F9F9F0F0F0F4F2F3F1F8F2F6F4F5F7F0F0F3F1F2F6F1F6F1F0F0F0F0F0F0F4F5F5F3F8F2F2F3F5F6F4F5F0F4F2F3F2F7F1F0F0F4F2F3F0F4F2F2F5F9F9F9F8F1F2F0F6F0F1F7F0F6F5F0F6F0F0F4F6F0F1F3F1F1F3F1F8F1F0F4F9F7F4F0F0F0F640404040F0F0F1F0F440404040404040404040C4898789A3819340C8858193A38840D7E5E340D3C9D440C3D6D3D6D4C2D640F0F240404040D3D2C1F1F1F7E3F6F1F0F5F0F0F0F0F1F9F2F0F3F8F2F7F4F2F0F7F0F1F0F3F2F1F2F4F3F2F892C3D69761F9C2D595C499E7F1F1874EA8A2D7A5D388D9C2D883D6F6F6F6F4F5F0F1F0F1F2F0F2F3F684F88284F7F0F582608382F58660F4F8F7F260F886F3F360F981848184F4F0F3F6F9F9F1F7F1F0F4F0F5E540F1F4F4F8F4F0F1F4F4F0F2F6F1F0F2F5F1F0F0F0F0F6F6F0F0F1F4F4F0F0F2F0F04040404040F0F0F9D4C3E6D8E7D9C8F3D2
